<?xml version="1.0" encoding="UTF-8"?>
<!-- Generated by org.testng.reporters.JUnitReportReporter -->
<testsuite hostname="nuglaf" failures="0" tests="3" name="ToolTip.FirstTestNG" time="0.026" errors="0" timestamp="02 Jan 2021 21:07:48 GMT" skipped="0">
  <testcase classname="ToolTip.FirstTestNG" name="Checkout" time="0.016"/>
  <testcase classname="ToolTip.FirstTestNG" name="login" time="0.005"/>
  <testcase classname="ToolTip.FirstTestNG" name="SelectItem" time="0.005"/>
</testsuite> <!-- ToolTip.FirstTestNG -->
