<?xml version="1.0" encoding="UTF-8"?>
<!-- Generated by org.testng.reporters.JUnitReportReporter -->
<testsuite hostname="nuglaf" failures="0" tests="1" name="ToolTip.JQueryToolTip" time="9.993" errors="0" timestamp="02 Jan 2021 21:07:48 GMT" skipped="0">
  <testcase classname="ToolTip.JQueryToolTip" name="login" time="9.993"/>
</testsuite> <!-- ToolTip.JQueryToolTip -->
