<?xml version="1.0" encoding="UTF-8"?>
<!-- Generated by org.testng.reporters.JUnitReportReporter -->
<testsuite hostname="nuglaf" failures="0" tests="3" name="ToolTip.FirstTestNG" time="0.018" errors="0" timestamp="2 Jan 2021 21:18:21 GMT">
  <testcase classname="ToolTip.FirstTestNG" name="SelectItem" time="0.003"/>
  <testcase classname="ToolTip.FirstTestNG" name="Checkout" time="0.015"/>
  <testcase classname="ToolTip.FirstTestNG" name="login" time="0.000"/>
</testsuite> <!-- ToolTip.FirstTestNG -->
