<?xml version="1.0" encoding="UTF-8"?>
<!-- Generated by org.testng.reporters.JUnitReportReporter -->
<testsuite hostname="nuglaf" failures="0" tests="1" name="ToolTip.JQueryToolTip" time="12.782" errors="0" timestamp="2 Jan 2021 21:18:21 GMT">
  <testcase classname="ToolTip.JQueryToolTip" name="login" time="12.782"/>
</testsuite> <!-- ToolTip.JQueryToolTip -->
